<?xml version="1.0" encoding="UTF-8"?>
<!-- Generated by org.testng.reporters.JUnitXMLReporter -->
<testsuite ignored="0" hostname="AKASH-MOHAN" failures="2" tests="2" name="Test4" time="59.74" errors="0" timestamp="2022-09-01T09:39:44 IST">
  <testcase classname="io.cucumber.testng.AbstractTestNGCucumberTests" name="runScenario" time="28.637">
    <failure type="io.cucumber.testng.UndefinedStepException" message="The step &amp;apos;user enters the invalid location &amp;apos;asdfg&amp;apos; on the pickup location text box&amp;apos; and 1 other step(s) are undefined.
You can implement these steps using the snippet(s) below:

@Then(&amp;quot;user enters the invalid location {string} on the pickup location text box&amp;quot;)
public void user_enters_the_invalid_location_on_the_pickup_location_text_box(String string) {
    // Write code here that turns the phrase above into concrete actions
    throw new io.cucumber.java.PendingException();
}
@Then(&amp;quot;user wants to verify whether the error is shown.&amp;quot;)
public void user_wants_to_verify_whether_the_error_is_shown() {
    // Write code here that turns the phrase above into concrete actions
    throw new io.cucumber.java.PendingException();
}
">
      <![CDATA[io.cucumber.testng.UndefinedStepException: The step 'user enters the invalid location 'asdfg' on the pickup location text box' and 1 other step(s) are undefined.
You can implement these steps using the snippet(s) below:

@Then("user enters the invalid location {string} on the pickup location text box")
public void user_enters_the_invalid_location_on_the_pickup_location_text_box(String string) {
    // Write code here that turns the phrase above into concrete actions
    throw new io.cucumber.java.PendingException();
}
@Then("user wants to verify whether the error is shown.")
public void user_wants_to_verify_whether_the_error_is_shown() {
    // Write code here that turns the phrase above into concrete actions
    throw new io.cucumber.java.PendingException();
}

at io.cucumber.core.runtime.TestCaseResultObserver.assertTestCasePassed(TestCaseResultObserver.java:69)
at io.cucumber.testng.TestCaseResultObserver.assertTestCasePassed(TestCaseResultObserver.java:23)
at io.cucumber.testng.TestNGCucumberRunner.lambda$runScenario$1(TestNGCucumberRunner.java:133)
at io.cucumber.core.runtime.CucumberExecutionContext.lambda$runTestCase$5(CucumberExecutionContext.java:129)
at io.cucumber.core.runtime.RethrowingThrowableCollector.executeAndThrow(RethrowingThrowableCollector.java:23)
at io.cucumber.core.runtime.CucumberExecutionContext.runTestCase(CucumberExecutionContext.java:129)
at io.cucumber.testng.TestNGCucumberRunner.runScenario(TestNGCucumberRunner.java:129)
at io.cucumber.testng.AbstractTestNGCucumberTests.runScenario(AbstractTestNGCucumberTests.java:35)
at java.base/java.util.ArrayList.forEach(ArrayList.java:1511)
... Removed 27 stack frames]]>
    </failure>
  </testcase> <!-- runScenario -->
  <testcase classname="io.cucumber.testng.AbstractTestNGCucumberTests" name="runScenario" time="31.054">
    <failure type="io.cucumber.java.PendingException" message="TODO: implement me">
      <![CDATA[io.cucumber.java.PendingException: TODO: implement me
at StepDefinition.RentalCarsStepDefinition.selects_the_pickup_date_and_drop_date_from_list(RentalCarsStepDefinition.java:47)
at âœ½.selects the pickup date and drop date from list(file:///C:/Users/akash/eclipse-workspace/TripAdvisor_Application/src/test/resources/Functionality3/RentalsCars.feature:11)
]]>
    </failure>
  </testcase> <!-- runScenario -->
</testsuite> <!-- Test4 -->
