<?xml version="1.0" encoding="UTF-8"?>
<!-- Generated by org.testng.reporters.JUnitXMLReporter -->
<testsuite ignored="0" hostname="AKASH-MOHAN" failures="1" tests="1" name="Test5" time="78.404" errors="0" timestamp="2022-09-01T09:41:02 IST">
  <testcase classname="io.cucumber.testng.AbstractTestNGCucumberTests" name="runScenario" time="78.373">
    <failure type="java.lang.AssertionError" message="expected [ Write a review - Tripadvisor ] but found [null]">
      <![CDATA[java.lang.AssertionError: expected [ Write a review - Tripadvisor ] but found [null]
at StepDefinition.ReviewPageStepDefinition.user_verifies_whether_the_searched_data_is_displayed_or_not(ReviewPageStepDefinition.java:34)
at âœ½.user verifies whether the searched data is displayed or not.(file:///C:/Users/akash/eclipse-workspace/TripAdvisor_Application/src/test/resources/Functionality4/Review.feature:10)
... Removed 6 stack frames]]>
    </failure>
  </testcase> <!-- runScenario -->
</testsuite> <!-- Test5 -->
