<?xml version="1.0" encoding="UTF-8"?>
<!-- Generated by org.testng.reporters.JUnitReportReporter -->
<testsuite hostname="AKASH-MOHAN" failures="1" tests="1" name="TestRunner.Functionality4TestRunner" time="39.066" errors="0" timestamp="2022-08-31T13:55:11 IST" skipped="0">
  <testcase classname="TestRunner.Functionality4TestRunner" name="runScenario" time="39.066">
    <failure message="expected [ Write a review - Tripadvisor ] but found [Write a review - Tripadvisor]" type="java.lang.AssertionError">
      <![CDATA[java.lang.AssertionError: expected [ Write a review - Tripadvisor ] but found [Write a review - Tripadvisor]
at org.testng.Assert.fail(Assert.java:110)
at org.testng.Assert.failNotEquals(Assert.java:1413)
at org.testng.Assert.assertEqualsImpl(Assert.java:149)
at org.testng.Assert.assertEquals(Assert.java:131)
at org.testng.Assert.assertEquals(Assert.java:655)
at org.testng.Assert.assertEquals(Assert.java:665)
at StepDefinition.ReviewPageStepDefinition.user_verifies_whether_the_searched_data_is_displayed_or_not(ReviewPageStepDefinition.java:34)
at âœ½.user verifies whether the searched data is displayed or not.(file:///C:/Users/akash/eclipse-workspace/TripAdvisor_Application/src/test/resources/Functionality4/Review.feature:10)
]]>
    </failure>
  </testcase> <!-- runScenario -->
  <system-out/>
</testsuite> <!-- TestRunner.Functionality4TestRunner -->
